[   397.657] (WW) Failed to open protocol names file lib/xorg/protocol.txt
[   397.659] 
X.Org X Server 1.20.5
X Protocol Version 11, Revision 0
[   397.663] Build Operating System: Linux Arch Linux
[   397.664] Current Operating System: Linux archlinux 5.2.5-arch1-1-ARCH #1 SMP PREEMPT Wed Jul 31 08:30:34 UTC 2019 x86_64
[   397.664] Kernel command line: BOOT_IMAGE=/vmlinuz-linux root=UUID=aaaf4dc3-6804-43e0-8109-a4dfbde2021c rw quiet
[   397.666] Build Date: 30 June 2019  09:52:01AM
[   397.668]  
[   397.669] Current version of pixman: 0.38.4
[   397.671] 	Before reporting problems, check http://wiki.x.org
	to make sure that you have the latest version.
[   397.671] Markers: (--) probed, (**) from config file, (==) default setting,
	(++) from command line, (!!) notice, (II) informational,
	(WW) warning, (EE) error, (NI) not implemented, (??) unknown.
[   397.675] (==) Log file: "/home/henninb/.local/share/xorg/Xorg.0.log", Time: Thu Sep 12 18:58:32 2019
[   397.677] (==) Using system config directory "/usr/share/X11/xorg.conf.d"
[   397.677] (==) No Layout section.  Using the first Screen section.
[   397.677] (==) No screen section available. Using defaults.
[   397.677] (**) |-->Screen "Default Screen Section" (0)
[   397.677] (**) |   |-->Monitor "<default monitor>"
[   397.677] (==) No monitor specified for screen "Default Screen Section".
	Using a default monitor configuration.
[   397.677] (==) Automatically adding devices
[   397.677] (==) Automatically enabling devices
[   397.677] (==) Automatically adding GPU devices
[   397.677] (==) Automatically binding GPU devices
[   397.677] (==) Max clients allowed: 256, resource mask: 0x1fffff
[   397.677] (WW) The directory "/usr/share/fonts/OTF" does not exist.
[   397.677] 	Entry deleted from font path.
[   397.677] (WW) The directory "/usr/share/fonts/Type1" does not exist.
[   397.677] 	Entry deleted from font path.
[   397.677] (==) FontPath set to:
	/usr/share/fonts/misc,
	/usr/share/fonts/TTF,
	/usr/share/fonts/100dpi,
	/usr/share/fonts/75dpi
[   397.677] (==) ModulePath set to "/usr/lib/xorg/modules"
[   397.677] (II) The server relies on udev to provide the list of input devices.
	If no devices become available, reconfigure udev or disable AutoAddDevices.
[   397.677] (II) Module ABI versions:
[   397.677] 	X.Org ANSI C Emulation: 0.4
[   397.677] 	X.Org Video Driver: 24.0
[   397.677] 	X.Org XInput driver : 24.1
[   397.677] 	X.Org Server Extension : 10.0
[   397.677] (++) using VT number 1

[   397.678] (II) systemd-logind: took control of session /org/freedesktop/login1/session/_34
[   397.679] (II) xfree86: Adding drm device (/dev/dri/card0)
[   397.679] (II) systemd-logind: got fd for /dev/dri/card0 226:0 fd 10 paused 0
[   397.683] (--) PCI:*(11@0:0:0) 1002:15dd:1458:d000 rev 198, Mem @ 0xe0000000/268435456, 0xf0000000/2097152, 0xfe300000/524288, I/O @ 0x0000d000/256
[   397.683] (WW) Open ACPI failed (/var/run/acpid.socket) (No such file or directory)
[   397.683] (II) LoadModule: "glx"
[   397.683] (II) Loading /usr/lib/xorg/modules/extensions/libglx.so
[   397.684] (II) Module glx: vendor="X.Org Foundation"
[   397.684] 	compiled for 1.20.5, module version = 1.0.0
[   397.684] 	ABI class: X.Org Server Extension, version 10.0
[   397.684] (==) Matched ati as autoconfigured driver 0
[   397.684] (==) Matched modesetting as autoconfigured driver 1
[   397.684] (==) Matched fbdev as autoconfigured driver 2
[   397.684] (==) Matched vesa as autoconfigured driver 3
[   397.684] (==) Assigned the driver to the xf86ConfigLayout
[   397.684] (II) LoadModule: "ati"
[   397.684] (WW) Warning, couldn't open module ati
[   397.684] (EE) Failed to load module "ati" (module does not exist, 0)
[   397.684] (II) LoadModule: "modesetting"
[   397.684] (II) Loading /usr/lib/xorg/modules/drivers/modesetting_drv.so
[   397.685] (II) Module modesetting: vendor="X.Org Foundation"
[   397.685] 	compiled for 1.20.5, module version = 1.20.5
[   397.685] 	Module class: X.Org Video Driver
[   397.685] 	ABI class: X.Org Video Driver, version 24.0
[   397.685] (II) LoadModule: "fbdev"
[   397.685] (WW) Warning, couldn't open module fbdev
[   397.685] (EE) Failed to load module "fbdev" (module does not exist, 0)
[   397.685] (II) LoadModule: "vesa"
[   397.685] (II) Loading /usr/lib/xorg/modules/drivers/vesa_drv.so
[   397.685] (II) Module vesa: vendor="X.Org Foundation"
[   397.685] 	compiled for 1.20.0, module version = 2.4.0
[   397.685] 	Module class: X.Org Video Driver
[   397.685] 	ABI class: X.Org Video Driver, version 24.0
[   397.685] (II) modesetting: Driver for Modesetting Kernel Drivers: kms
[   397.685] (II) VESA: driver for VESA chipsets: vesa
[   397.685] xf86EnableIOPorts: failed to set IOPL for I/O (Operation not permitted)
[   397.685] (II) modeset(0): using drv /dev/dri/card0
[   397.685] (WW) VGA arbiter: cannot open kernel arbiter, no multi-card support
[   397.685] (II) modeset(0): Creating default Display subsection in Screen section
	"Default Screen Section" for depth/fbbpp 24/32
[   397.685] (==) modeset(0): Depth 24, (==) framebuffer bpp 32
[   397.685] (==) modeset(0): RGB weight 888
[   397.685] (==) modeset(0): Default visual is TrueColor
[   397.685] (II) Loading sub module "glamoregl"
[   397.685] (II) LoadModule: "glamoregl"
[   397.685] (II) Loading /usr/lib/xorg/modules/libglamoregl.so
[   397.687] (II) Module glamoregl: vendor="X.Org Foundation"
[   397.687] 	compiled for 1.20.5, module version = 1.0.1
[   397.687] 	ABI class: X.Org ANSI C Emulation, version 0.4
[   397.751] (II) modeset(0): glamor X acceleration enabled on AMD RAVEN (DRM 3.32.0, 5.2.5-arch1-1-ARCH, LLVM 8.0.1)
[   397.751] (II) modeset(0): glamor initialized
[   397.751] (II) modeset(0): Output HDMI-1 has no monitor section
[   397.751] (II) modeset(0): Output DP-1 has no monitor section
[   397.752] (II) modeset(0): EDID for output HDMI-1
[   397.752] (II) modeset(0): Manufacturer: ACI  Model: 2494  Serial#: 16843009
[   397.752] (II) modeset(0): Year: 2014  Week: 16
[   397.752] (II) modeset(0): EDID Version: 1.3
[   397.752] (II) modeset(0): Digital Display Input
[   397.752] (II) modeset(0): Max Image Size [cm]: horiz.: 53  vert.: 30
[   397.752] (II) modeset(0): Gamma: 2.20
[   397.752] (II) modeset(0): DPMS capabilities: StandBy Suspend Off
[   397.752] (II) modeset(0): Supported color encodings: RGB 4:4:4 YCrCb 4:4:4 
[   397.752] (II) modeset(0): First detailed timing is preferred mode
[   397.752] (II) modeset(0): redX: 0.650 redY: 0.333   greenX: 0.332 greenY: 0.623
[   397.752] (II) modeset(0): blueX: 0.157 blueY: 0.053   whiteX: 0.313 whiteY: 0.329
[   397.752] (II) modeset(0): Supported established timings:
[   397.752] (II) modeset(0): 720x400@70Hz
[   397.752] (II) modeset(0): 640x480@60Hz
[   397.752] (II) modeset(0): 640x480@67Hz
[   397.752] (II) modeset(0): 640x480@72Hz
[   397.752] (II) modeset(0): 640x480@75Hz
[   397.752] (II) modeset(0): 800x600@56Hz
[   397.752] (II) modeset(0): 800x600@60Hz
[   397.752] (II) modeset(0): 800x600@72Hz
[   397.752] (II) modeset(0): 800x600@75Hz
[   397.752] (II) modeset(0): 832x624@75Hz
[   397.752] (II) modeset(0): 1024x768@60Hz
[   397.752] (II) modeset(0): 1024x768@70Hz
[   397.752] (II) modeset(0): 1024x768@75Hz
[   397.752] (II) modeset(0): 1280x1024@75Hz
[   397.752] (II) modeset(0): Manufacturer's mask: 0
[   397.752] (II) modeset(0): Supported standard timings:
[   397.752] (II) modeset(0): #0: hsize: 1152  vsize 864  refresh: 75  vid: 20337
[   397.752] (II) modeset(0): #1: hsize: 1280  vsize 1024  refresh: 60  vid: 32897
[   397.752] (II) modeset(0): #2: hsize: 1280  vsize 960  refresh: 60  vid: 16513
[   397.752] (II) modeset(0): #3: hsize: 1440  vsize 900  refresh: 60  vid: 149
[   397.752] (II) modeset(0): #4: hsize: 1600  vsize 1200  refresh: 60  vid: 16553
[   397.752] (II) modeset(0): #5: hsize: 1680  vsize 1050  refresh: 60  vid: 179
[   397.752] (II) modeset(0): #6: hsize: 1920  vsize 1080  refresh: 60  vid: 49361
[   397.752] (II) modeset(0): Supported detailed timing:
[   397.752] (II) modeset(0): clock: 148.5 MHz   Image Size:  531 x 299 mm
[   397.752] (II) modeset(0): h_active: 1920  h_sync: 2008  h_sync_end 2052 h_blank_end 2200 h_border: 0
[   397.752] (II) modeset(0): v_active: 1080  v_sync: 1084  v_sync_end 1089 v_blanking: 1125 v_border: 0
[   397.752] (II) modeset(0): Ranges: V min: 50 V max: 76 Hz, H min: 30 H max: 83 kHz, PixClock max 175 MHz
[   397.752] (II) modeset(0): Monitor name: VE248
[   397.752] (II) modeset(0): Serial No: E4LMQS052983
[   397.752] (II) modeset(0): Supported detailed timing:
[   397.752] (II) modeset(0): clock: 138.5 MHz   Image Size:  531 x 299 mm
[   397.752] (II) modeset(0): h_active: 1920  h_sync: 1968  h_sync_end 2000 h_blank_end 2080 h_border: 0
[   397.752] (II) modeset(0): v_active: 1080  v_sync: 1083  v_sync_end 1088 v_blanking: 1110 v_border: 0
[   397.752] (II) modeset(0): Supported detailed timing:
[   397.752] (II) modeset(0): clock: 85.5 MHz   Image Size:  531 x 299 mm
[   397.752] (II) modeset(0): h_active: 1366  h_sync: 1436  h_sync_end 1579 h_blank_end 1792 h_border: 0
[   397.752] (II) modeset(0): v_active: 768  v_sync: 771  v_sync_end 774 v_blanking: 798 v_border: 0
[   397.752] (II) modeset(0): Supported detailed timing:
[   397.752] (II) modeset(0): clock: 74.2 MHz   Image Size:  531 x 299 mm
[   397.752] (II) modeset(0): h_active: 1280  h_sync: 1390  h_sync_end 1430 h_blank_end 1650 h_border: 0
[   397.752] (II) modeset(0): v_active: 720  v_sync: 725  v_sync_end 730 v_blanking: 750 v_border: 0
[   397.752] (II) modeset(0): Supported detailed timing:
[   397.752] (II) modeset(0): clock: 27.0 MHz   Image Size:  531 x 299 mm
[   397.752] (II) modeset(0): h_active: 720  h_sync: 736  h_sync_end 798 h_blank_end 858 h_border: 0
[   397.752] (II) modeset(0): v_active: 480  v_sync: 489  v_sync_end 495 v_blanking: 525 v_border: 0
[   397.752] (II) modeset(0): Supported detailed timing:
[   397.752] (II) modeset(0): clock: 74.2 MHz   Image Size:  531 x 299 mm
[   397.752] (II) modeset(0): h_active: 1920  h_sync: 2008  h_sync_end 2052 h_blank_end 2200 h_border: 0
[   397.752] (II) modeset(0): v_active: 540  v_sync: 542  v_sync_end 547 v_blanking: 562 v_border: 0
[   397.752] (II) modeset(0): Number of EDID sections to follow: 1
[   397.752] (II) modeset(0): EDID (in hex):
[   397.752] (II) modeset(0): 	00ffffffffffff000469942401010101
[   397.752] (II) modeset(0): 	1018010380351e78ea9265a655559f28
[   397.752] (II) modeset(0): 	0d5054bfef00714f818081409500a940
[   397.752] (II) modeset(0): 	b300d1c00101023a801871382d40582c
[   397.752] (II) modeset(0): 	4500132b2100001e000000fd00324c1e
[   397.752] (II) modeset(0): 	5311000a202020202020000000fc0056
[   397.752] (II) modeset(0): 	453234380a20202020202020000000ff
[   397.752] (II) modeset(0): 	0045344c4d51533035323938330a01b8
[   397.752] (II) modeset(0): 	02031ef14b900504030201111213141f
[   397.752] (II) modeset(0): 	230907078301000065030c0010001a36
[   397.752] (II) modeset(0): 	80a070381e4030203500132b2100001a
[   397.752] (II) modeset(0): 	662156aa51001e30468f3300132b2100
[   397.752] (II) modeset(0): 	001e011d007251d01e206e285500132b
[   397.752] (II) modeset(0): 	2100001e8c0ad08a20e02d10103e9600
[   397.752] (II) modeset(0): 	132b21000018011d8018711c1620582c
[   397.752] (II) modeset(0): 	2500132b2100009f0000000000000039
[   397.752] (II) modeset(0): Not using default mode "1600x1200" (bad mode clock/interlace/doublescan)
[   397.752] (II) modeset(0): Not using default mode "1600x1200" (bad mode clock/interlace/doublescan)
[   397.752] (II) modeset(0): Not using default mode "1440x810" (bad mode clock/interlace/doublescan)
[   397.752] (II) modeset(0): Not using default mode "1600x900" (bad mode clock/interlace/doublescan)
[   397.752] (II) modeset(0): Not using default mode "1600x900" (bad mode clock/interlace/doublescan)
[   397.752] (II) modeset(0): Not using default mode "1920x1080" (bad mode clock/interlace/doublescan)
[   397.752] (II) modeset(0): Not using default mode "1920x1200" (bad mode clock/interlace/doublescan)
[   397.752] (II) modeset(0): Printing probed modes for output HDMI-1
[   397.752] (II) modeset(0): Modeline "1920x1080"x60.0  148.50  1920 2008 2052 2200  1080 1084 1089 1125 +hsync +vsync (67.5 kHz eP)
[   397.752] (II) modeset(0): Modeline "1920x1200"x60.0  154.00  1920 1968 2000 2080  1200 1203 1209 1235 +hsync -vsync (74.0 kHz d)
[   397.752] (II) modeset(0): Modeline "1920x1080"x60.0  173.00  1920 2048 2248 2576  1080 1083 1088 1120 -hsync +vsync (67.2 kHz d)
[   397.752] (II) modeset(0): Modeline "1920x1080"x60.0  148.50  1920 2008 2052 2200  1080 1084 1089 1125 +hsync +vsync (67.5 kHz e)
[   397.752] (II) modeset(0): Modeline "1920x1080"x50.0  148.50  1920 2448 2492 2640  1080 1084 1089 1125 +hsync +vsync (56.2 kHz e)
[   397.752] (II) modeset(0): Modeline "1920x1080"x59.9  148.35  1920 2008 2052 2200  1080 1084 1089 1125 +hsync +vsync (67.4 kHz e)
[   397.752] (II) modeset(0): Modeline "1920x1080"x60.0  138.50  1920 1968 2000 2080  1080 1083 1088 1110 +hsync -vsync (66.6 kHz e)
[   397.752] (II) modeset(0): Modeline "1920x1080"x59.9  138.50  1920 1968 2000 2080  1080 1083 1088 1111 +hsync -vsync (66.6 kHz d)
[   397.752] (II) modeset(0): Modeline "1600x1200"x65.0  175.50  1600 1664 1856 2160  1200 1201 1204 1250 +hsync +vsync (81.2 kHz d)
[   397.752] (II) modeset(0): Modeline "1600x1200"x60.0  162.00  1600 1664 1856 2160  1200 1201 1204 1250 +hsync +vsync (75.0 kHz e)
[   397.752] (II) modeset(0): Modeline "1680x1050"x60.0  146.25  1680 1784 1960 2240  1050 1053 1059 1089 -hsync +vsync (65.3 kHz d)
[   397.752] (II) modeset(0): Modeline "1680x1050"x59.9  119.00  1680 1728 1760 1840  1050 1053 1059 1080 +hsync -vsync (64.7 kHz e)
[   397.752] (II) modeset(0): Modeline "1400x1050"x74.8  155.80  1400 1464 1784 1912  1050 1052 1064 1090 +hsync +vsync (81.5 kHz d)
[   397.752] (II) modeset(0): Modeline "1400x1050"x60.0  122.00  1400 1488 1640 1880  1050 1052 1064 1082 +hsync +vsync (64.9 kHz d)
[   397.752] (II) modeset(0): Modeline "1600x900"x59.9  118.25  1600 1696 1856 2112  900 903 908 934 -hsync +vsync (56.0 kHz d)
[   397.752] (II) modeset(0): Modeline "1600x900"x59.8   97.50  1600 1648 1680 1760  900 903 908 926 +hsync -vsync (55.4 kHz d)
[   397.752] (II) modeset(0): Modeline "1280x1024"x75.0  135.00  1280 1296 1440 1688  1024 1025 1028 1066 +hsync +vsync (80.0 kHz e)
[   397.752] (II) modeset(0): Modeline "1280x1024"x60.0  108.00  1280 1328 1440 1688  1024 1025 1028 1066 +hsync +vsync (64.0 kHz e)
[   397.752] (II) modeset(0): Modeline "1440x900"x59.9   88.75  1440 1488 1520 1600  900 903 909 926 +hsync -vsync (55.5 kHz e)
[   397.752] (II) modeset(0): Modeline "1400x900"x60.0  103.50  1400 1480 1624 1848  900 903 913 934 -hsync +vsync (56.0 kHz d)
[   397.752] (II) modeset(0): Modeline "1400x900"x59.9   86.50  1400 1448 1480 1560  900 903 913 926 +hsync -vsync (55.4 kHz d)
[   397.752] (II) modeset(0): Modeline "1280x960"x60.0  108.00  1280 1376 1488 1800  960 961 964 1000 +hsync +vsync (60.0 kHz e)
[   397.752] (II) modeset(0): Modeline "1440x810"x60.0  151.88  1440 1464 1480 1520  810 811 814 833 doublescan +hsync -vsync (99.9 kHz d)
[   397.752] (II) modeset(0): Modeline "1368x768"x59.9   85.25  1368 1440 1576 1784  768 771 781 798 -hsync +vsync (47.8 kHz d)
[   397.752] (II) modeset(0): Modeline "1368x768"x59.9   72.25  1368 1416 1448 1528  768 771 781 790 +hsync -vsync (47.3 kHz d)
[   397.752] (II) modeset(0): Modeline "1366x768"x59.8   85.50  1366 1436 1579 1792  768 771 774 798 +hsync +vsync (47.7 kHz e)
[   397.752] (II) modeset(0): Modeline "1280x800"x60.0  174.25  1280 1380 1516 1752  800 801 804 829 doublescan -hsync +vsync (99.5 kHz d)
[   397.752] (II) modeset(0): Modeline "1280x800"x60.0  148.50  1280 2008 2052 2200  800 1084 1089 1125 +hsync +vsync (67.5 kHz e)
[   397.752] (II) modeset(0): Modeline "1280x800"x60.0  134.25  1280 1304 1320 1360  800 801 804 823 doublescan +hsync -vsync (98.7 kHz d)
[   397.752] (II) modeset(0): Modeline "1280x800"x59.8   83.50  1280 1352 1480 1680  800 803 809 831 -hsync +vsync (49.7 kHz d)
[   397.752] (II) modeset(0): Modeline "1280x800"x59.9   71.00  1280 1328 1360 1440  800 803 809 823 +hsync -vsync (49.3 kHz d)
[   397.752] (II) modeset(0): Modeline "1152x864"x75.0  108.00  1152 1216 1344 1600  864 865 868 900 +hsync +vsync (67.5 kHz e)
[   397.752] (II) modeset(0): Modeline "1280x720"x60.0  156.12  1280 1376 1512 1744  720 721 724 746 doublescan -hsync +vsync (89.5 kHz d)
[   397.752] (II) modeset(0): Modeline "1280x720"x60.0  120.75  1280 1304 1320 1360  720 721 724 740 doublescan +hsync -vsync (88.8 kHz d)
[   397.752] (II) modeset(0): Modeline "1280x720"x59.9   74.50  1280 1344 1472 1664  720 723 728 748 -hsync +vsync (44.8 kHz d)
[   397.752] (II) modeset(0): Modeline "1280x720"x60.0   74.25  1280 1390 1430 1650  720 725 730 750 +hsync +vsync (45.0 kHz e)
[   397.752] (II) modeset(0): Modeline "1280x720"x60.0   74.25  1280 1390 1430 1650  720 725 730 750 +hsync +vsync (45.0 kHz e)
[   397.752] (II) modeset(0): Modeline "1280x720"x50.0   74.25  1280 1720 1760 1980  720 725 730 750 +hsync +vsync (37.5 kHz e)
[   397.752] (II) modeset(0): Modeline "1280x720"x59.9   74.18  1280 1390 1430 1650  720 725 730 750 +hsync +vsync (45.0 kHz e)
[   397.752] (II) modeset(0): Modeline "1280x720"x59.7   63.75  1280 1328 1360 1440  720 723 728 741 +hsync -vsync (44.3 kHz d)
[   397.752] (II) modeset(0): Modeline "1024x768"x75.0  170.24  1024 1108 1220 1416  768 768 770 801 doublescan -hsync +vsync (120.2 kHz d)
[   397.752] (II) modeset(0): Modeline "1024x768"x60.0  133.47  1024 1100 1212 1400  768 768 770 794 doublescan -hsync +vsync (95.3 kHz d)
[   397.752] (II) modeset(0): Modeline "1024x768"x75.0   78.75  1024 1040 1136 1312  768 769 772 800 +hsync +vsync (60.0 kHz e)
[   397.752] (II) modeset(0): Modeline "1024x768"x70.1   75.00  1024 1048 1184 1328  768 771 777 806 -hsync -vsync (56.5 kHz e)
[   397.752] (II) modeset(0): Modeline "1024x768"x60.0   65.00  1024 1048 1184 1344  768 771 777 806 -hsync -vsync (48.4 kHz e)
[   397.752] (II) modeset(0): Modeline "960x720"x75.0  148.50  960 1032 1144 1320  720 720 722 750 doublescan -hsync +vsync (112.5 kHz d)
[   397.752] (II) modeset(0): Modeline "960x720"x60.0  117.00  960 1024 1128 1300  720 720 722 750 doublescan -hsync +vsync (90.0 kHz d)
[   397.752] (II) modeset(0): Modeline "928x696"x75.0  144.00  928 992 1104 1280  696 696 698 750 doublescan -hsync +vsync (112.5 kHz d)
[   397.752] (II) modeset(0): Modeline "928x696"x60.1  109.15  928 976 1088 1264  696 696 698 719 doublescan -hsync +vsync (86.4 kHz d)
[   397.752] (II) modeset(0): Modeline "896x672"x75.0  130.50  896 944 1052 1228  672 672 674 708 doublescan -hsync +vsync (106.3 kHz d)
[   397.752] (II) modeset(0): Modeline "896x672"x60.0  102.40  896 960 1060 1224  672 672 674 697 doublescan -hsync +vsync (83.7 kHz d)
[   397.752] (II) modeset(0): Modeline "1024x576"x60.0   98.50  1024 1092 1200 1376  576 577 580 597 doublescan -hsync +vsync (71.6 kHz d)
[   397.752] (II) modeset(0): Modeline "1024x576"x60.0   78.38  1024 1048 1064 1104  576 577 580 592 doublescan +hsync -vsync (71.0 kHz d)
[   397.752] (II) modeset(0): Modeline "1024x576"x59.9   46.50  1024 1064 1160 1296  576 579 584 599 -hsync +vsync (35.9 kHz d)
[   397.752] (II) modeset(0): Modeline "1024x576"x59.8   42.00  1024 1072 1104 1184  576 579 584 593 +hsync -vsync (35.5 kHz d)
[   397.752] (II) modeset(0): Modeline "960x600"x59.9   96.62  960 1028 1128 1296  600 601 604 622 doublescan -hsync +vsync (74.6 kHz d)
[   397.752] (II) modeset(0): Modeline "960x600"x60.0   77.00  960 984 1000 1040  600 601 604 617 doublescan +hsync -vsync (74.0 kHz d)
[   397.752] (II) modeset(0): Modeline "832x624"x74.6   57.28  832 864 928 1152  624 625 628 667 -hsync -vsync (49.7 kHz e)
[   397.752] (II) modeset(0): Modeline "960x540"x60.0   86.50  960 1024 1124 1288  540 541 544 560 doublescan -hsync +vsync (67.2 kHz d)
[   397.752] (II) modeset(0): Modeline "960x540"x60.0   69.25  960 984 1000 1040  540 541 544 555 doublescan +hsync -vsync (66.6 kHz d)
[   397.752] (II) modeset(0): Modeline "960x540"x59.6   40.75  960 992 1088 1216  540 543 548 562 -hsync +vsync (33.5 kHz d)
[   397.752] (II) modeset(0): Modeline "960x540"x59.8   37.25  960 1008 1040 1120  540 543 548 556 +hsync -vsync (33.3 kHz d)
[   397.752] (II) modeset(0): Modeline "800x600"x75.0  101.25  800 832 928 1080  600 600 602 625 doublescan +hsync +vsync (93.8 kHz d)
[   397.752] (II) modeset(0): Modeline "800x600"x70.0   94.50  800 832 928 1080  600 600 602 625 doublescan +hsync +vsync (87.5 kHz d)
[   397.752] (II) modeset(0): Modeline "800x600"x65.0   87.75  800 832 928 1080  600 600 602 625 doublescan +hsync +vsync (81.2 kHz d)
[   397.752] (II) modeset(0): Modeline "800x600"x60.0   81.00  800 832 928 1080  600 600 602 625 doublescan +hsync +vsync (75.0 kHz d)
[   397.752] (II) modeset(0): Modeline "800x600"x72.2   50.00  800 856 976 1040  600 637 643 666 +hsync +vsync (48.1 kHz e)
[   397.752] (II) modeset(0): Modeline "800x600"x75.0   49.50  800 816 896 1056  600 601 604 625 +hsync +vsync (46.9 kHz e)
[   397.752] (II) modeset(0): Modeline "800x600"x60.3   40.00  800 840 968 1056  600 601 605 628 +hsync +vsync (37.9 kHz e)
[   397.752] (II) modeset(0): Modeline "800x600"x56.2   36.00  800 824 896 1024  600 601 603 625 +hsync +vsync (35.2 kHz e)
[   397.752] (II) modeset(0): Modeline "840x525"x60.0   73.12  840 892 980 1120  525 526 529 544 doublescan -hsync +vsync (65.3 kHz d)
[   397.752] (II) modeset(0): Modeline "840x525"x59.9   59.50  840 864 880 920  525 526 529 540 doublescan +hsync -vsync (64.7 kHz d)
[   397.752] (II) modeset(0): Modeline "864x486"x59.9   32.50  864 888 968 1072  486 489 494 506 -hsync +vsync (30.3 kHz d)
[   397.752] (II) modeset(0): Modeline "864x486"x59.6   30.50  864 912 944 1024  486 489 494 500 +hsync -vsync (29.8 kHz d)
[   397.752] (II) modeset(0): Modeline "720x576"x50.0   27.00  720 732 796 864  576 581 586 625 -hsync -vsync (31.2 kHz e)
[   397.752] (II) modeset(0): Modeline "720x576"x50.0   27.00  720 732 796 864  576 581 586 625 -hsync -vsync (31.2 kHz e)
[   397.752] (II) modeset(0): Modeline "700x525"x74.8   77.90  700 732 892 956  525 526 532 545 doublescan +hsync +vsync (81.5 kHz d)
[   397.752] (II) modeset(0): Modeline "700x525"x60.0   61.00  700 744 820 940  525 526 532 541 doublescan +hsync +vsync (64.9 kHz d)
[   397.752] (II) modeset(0): Modeline "800x450"x59.9   59.12  800 848 928 1056  450 451 454 467 doublescan -hsync +vsync (56.0 kHz d)
[   397.752] (II) modeset(0): Modeline "800x450"x59.8   48.75  800 824 840 880  450 451 454 463 doublescan +hsync -vsync (55.4 kHz d)
[   397.752] (II) modeset(0): Modeline "720x480"x60.0   27.03  720 736 798 858  480 489 495 525 -hsync -vsync (31.5 kHz e)
[   397.752] (II) modeset(0): Modeline "720x480"x60.0   27.03  720 736 798 858  480 489 495 525 -hsync -vsync (31.5 kHz e)
[   397.752] (II) modeset(0): Modeline "720x480"x59.9   27.00  720 736 798 858  480 489 495 525 -hsync -vsync (31.5 kHz e)
[   397.752] (II) modeset(0): Modeline "720x480"x59.9   27.00  720 736 798 858  480 489 495 525 -hsync -vsync (31.5 kHz e)
[   397.752] (II) modeset(0): Modeline "720x480"x59.9   27.00  720 736 798 858  480 489 495 525 -hsync -vsync (31.5 kHz e)
[   397.752] (II) modeset(0): Modeline "640x512"x75.0   67.50  640 648 720 844  512 512 514 533 doublescan +hsync +vsync (80.0 kHz d)
[   397.752] (II) modeset(0): Modeline "640x512"x60.0   54.00  640 664 720 844  512 512 514 533 doublescan +hsync +vsync (64.0 kHz d)
[   397.752] (II) modeset(0): Modeline "700x450"x60.0   51.75  700 740 812 924  450 451 456 467 doublescan -hsync +vsync (56.0 kHz d)
[   397.752] (II) modeset(0): Modeline "700x450"x59.9   43.25  700 724 740 780  450 451 456 463 doublescan +hsync -vsync (55.4 kHz d)
[   397.752] (II) modeset(0): Modeline "640x480"x60.0   54.00  640 688 744 900  480 480 482 500 doublescan +hsync +vsync (60.0 kHz d)
[   397.752] (II) modeset(0): Modeline "640x480"x75.0   31.50  640 656 720 840  480 481 484 500 -hsync -vsync (37.5 kHz e)
[   397.752] (II) modeset(0): Modeline "640x480"x72.8   31.50  640 664 704 832  480 489 492 520 -hsync -vsync (37.9 kHz e)
[   397.752] (II) modeset(0): Modeline "640x480"x75.0   31.50  640 656 720 840  480 481 484 500 -hsync -vsync (37.5 kHz d)
[   397.752] (II) modeset(0): Modeline "640x480"x66.7   30.24  640 704 768 864  480 483 486 525 -hsync -vsync (35.0 kHz e)
[   397.752] (II) modeset(0): Modeline "640x480"x60.0   25.20  640 656 752 800  480 490 492 525 -hsync -vsync (31.5 kHz e)
[   397.752] (II) modeset(0): Modeline "640x480"x59.9   25.18  640 656 752 800  480 490 492 525 -hsync -vsync (31.5 kHz e)
[   397.752] (II) modeset(0): Modeline "640x480"x59.9   25.18  640 656 752 800  480 490 492 525 -hsync -vsync (31.5 kHz e)
[   397.752] (II) modeset(0): Modeline "640x480"x59.9   25.18  640 656 752 800  480 490 492 525 -hsync -vsync (31.5 kHz d)
[   397.752] (II) modeset(0): Modeline "720x405"x59.5   22.50  720 744 808 896  405 408 413 422 -hsync +vsync (25.1 kHz d)
[   397.752] (II) modeset(0): Modeline "720x405"x59.0   21.75  720 768 800 880  405 408 413 419 +hsync -vsync (24.7 kHz d)
[   397.752] (II) modeset(0): Modeline "720x400"x70.1   28.32  720 738 846 900  400 412 414 449 -hsync +vsync (31.5 kHz e)
[   397.752] (II) modeset(0): Modeline "684x384"x59.9   42.62  684 720 788 892  384 385 390 399 doublescan -hsync +vsync (47.8 kHz d)
[   397.752] (II) modeset(0): Modeline "684x384"x59.9   36.12  684 708 724 764  384 385 390 395 doublescan +hsync -vsync (47.3 kHz d)
[   397.752] (II) modeset(0): Modeline "640x400"x59.9   41.75  640 676 740 840  400 401 404 415 doublescan -hsync +vsync (49.7 kHz d)
[   397.752] (II) modeset(0): Modeline "640x400"x60.0   35.50  640 664 680 720  400 401 404 411 doublescan +hsync -vsync (49.3 kHz d)
[   397.752] (II) modeset(0): Modeline "576x432"x75.0   54.00  576 608 672 800  432 432 434 450 doublescan +hsync +vsync (67.5 kHz d)
[   397.752] (II) modeset(0): Modeline "640x360"x59.9   37.25  640 672 736 832  360 361 364 374 doublescan -hsync +vsync (44.8 kHz d)
[   397.752] (II) modeset(0): Modeline "640x360"x59.8   31.88  640 664 680 720  360 361 364 370 doublescan +hsync -vsync (44.3 kHz d)
[   397.752] (II) modeset(0): Modeline "640x360"x59.8   18.00  640 664 720 800  360 363 368 376 -hsync +vsync (22.5 kHz d)
[   397.752] (II) modeset(0): Modeline "640x360"x59.3   17.75  640 688 720 800  360 363 368 374 +hsync -vsync (22.2 kHz d)
[   397.752] (II) modeset(0): Modeline "512x384"x75.0   39.38  512 520 568 656  384 384 386 400 doublescan +hsync +vsync (60.0 kHz d)
[   397.752] (II) modeset(0): Modeline "512x384"x70.1   37.50  512 524 592 664  384 385 388 403 doublescan -hsync -vsync (56.5 kHz d)
[   397.752] (II) modeset(0): Modeline "512x384"x60.0   32.50  512 524 592 672  384 385 388 403 doublescan -hsync -vsync (48.4 kHz d)
[   397.752] (II) modeset(0): Modeline "512x288"x60.0   23.25  512 532 580 648  288 289 292 299 doublescan -hsync +vsync (35.9 kHz d)
[   397.752] (II) modeset(0): Modeline "512x288"x59.9   21.00  512 536 552 592  288 289 292 296 doublescan +hsync -vsync (35.5 kHz d)
[   397.752] (II) modeset(0): Modeline "416x312"x74.7   28.64  416 432 464 576  312 312 314 333 doublescan -hsync -vsync (49.7 kHz d)
[   397.752] (II) modeset(0): Modeline "480x270"x59.6   20.38  480 496 544 608  270 271 274 281 doublescan -hsync +vsync (33.5 kHz d)
[   397.752] (II) modeset(0): Modeline "480x270"x59.8   18.62  480 504 520 560  270 271 274 278 doublescan +hsync -vsync (33.3 kHz d)
[   397.752] (II) modeset(0): Modeline "400x300"x72.2   25.00  400 428 488 520  300 318 321 333 doublescan +hsync +vsync (48.1 kHz d)
[   397.753] (II) modeset(0): Modeline "400x300"x75.1   24.75  400 408 448 528  300 300 302 312 doublescan +hsync +vsync (46.9 kHz d)
[   397.753] (II) modeset(0): Modeline "400x300"x60.3   20.00  400 420 484 528  300 300 302 314 doublescan +hsync +vsync (37.9 kHz d)
[   397.753] (II) modeset(0): Modeline "400x300"x56.3   18.00  400 412 448 512  300 300 301 312 doublescan +hsync +vsync (35.2 kHz d)
[   397.753] (II) modeset(0): Modeline "432x243"x59.9   16.25  432 444 484 536  243 244 247 253 doublescan -hsync +vsync (30.3 kHz d)
[   397.753] (II) modeset(0): Modeline "432x243"x59.6   15.25  432 456 472 512  243 244 247 250 doublescan +hsync -vsync (29.8 kHz d)
[   397.753] (II) modeset(0): Modeline "320x240"x72.8   15.75  320 332 352 416  240 244 246 260 doublescan -hsync -vsync (37.9 kHz d)
[   397.753] (II) modeset(0): Modeline "320x240"x75.0   15.75  320 328 360 420  240 240 242 250 doublescan -hsync -vsync (37.5 kHz d)
[   397.753] (II) modeset(0): Modeline "320x240"x60.1   12.59  320 328 376 400  240 245 246 262 doublescan -hsync -vsync (31.5 kHz d)
[   397.753] (II) modeset(0): Modeline "360x202"x59.5   11.25  360 372 404 448  202 204 206 211 doublescan -hsync +vsync (25.1 kHz d)
[   397.753] (II) modeset(0): Modeline "360x202"x59.1   10.88  360 384 400 440  202 204 206 209 doublescan +hsync -vsync (24.7 kHz d)
[   397.753] (II) modeset(0): Modeline "320x180"x59.8    9.00  320 332 360 400  180 181 184 188 doublescan -hsync +vsync (22.5 kHz d)
[   397.753] (II) modeset(0): Modeline "320x180"x59.3    8.88  320 344 360 400  180 181 184 187 doublescan +hsync -vsync (22.2 kHz d)
[   397.753] (II) modeset(0): EDID for output DP-1
[   397.753] (II) modeset(0): Output HDMI-1 connected
[   397.753] (II) modeset(0): Output DP-1 disconnected
[   397.753] (II) modeset(0): Using exact sizes for initial modes
[   397.753] (II) modeset(0): Output HDMI-1 using initial mode 1920x1080 +0+0
[   397.753] (==) modeset(0): Using gamma correction (1.0, 1.0, 1.0)
[   397.753] (==) modeset(0): DPI set to (96, 96)
[   397.753] (II) Loading sub module "fb"
[   397.753] (II) LoadModule: "fb"
[   397.753] (II) Loading /usr/lib/xorg/modules/libfb.so
[   397.753] (II) Module fb: vendor="X.Org Foundation"
[   397.753] 	compiled for 1.20.5, module version = 1.0.0
[   397.753] 	ABI class: X.Org ANSI C Emulation, version 0.4
[   397.753] (II) UnloadModule: "vesa"
[   397.753] (II) Unloading vesa
[   397.777] (==) modeset(0): Backing store enabled
[   397.777] (==) modeset(0): Silken mouse disabled
[   397.778] (II) modeset(0): Initializing kms color map for depth 24, 8 bpc.
[   397.778] (==) modeset(0): DPMS enabled
[   397.778] (II) modeset(0): [DRI2] Setup complete
[   397.778] (II) modeset(0): [DRI2]   DRI driver: radeonsi
[   397.778] (II) modeset(0): [DRI2]   VDPAU driver: radeonsi
[   397.778] (II) Initializing extension Generic Event Extension
[   397.778] (II) Initializing extension SHAPE
[   397.778] (II) Initializing extension MIT-SHM
[   397.778] (II) Initializing extension XInputExtension
[   397.778] (II) Initializing extension XTEST
[   397.778] (II) Initializing extension BIG-REQUESTS
[   397.778] (II) Initializing extension SYNC
[   397.778] (II) Initializing extension XKEYBOARD
[   397.778] (II) Initializing extension XC-MISC
[   397.778] (II) Initializing extension SECURITY
[   397.778] (II) Initializing extension XFIXES
[   397.778] (II) Initializing extension RENDER
[   397.778] (II) Initializing extension RANDR
[   397.778] (II) Initializing extension COMPOSITE
[   397.778] (II) Initializing extension DAMAGE
[   397.778] (II) Initializing extension MIT-SCREEN-SAVER
[   397.778] (II) Initializing extension DOUBLE-BUFFER
[   397.778] (II) Initializing extension RECORD
[   397.778] (II) Initializing extension DPMS
[   397.778] (II) Initializing extension Present
[   397.778] (II) Initializing extension DRI3
[   397.778] (II) Initializing extension X-Resource
[   397.778] (II) Initializing extension XVideo
[   397.778] (II) Initializing extension XVideo-MotionCompensation
[   397.778] (II) Initializing extension GLX
[   397.782] (II) AIGLX: Loaded and initialized radeonsi
[   397.782] (II) GLX: Initialized DRI2 GL provider for screen 0
[   397.782] (II) Initializing extension XFree86-VidModeExtension
[   397.782] (II) Initializing extension XFree86-DGA
[   397.782] (II) Initializing extension XFree86-DRI
[   397.782] (II) Initializing extension DRI2
[   397.783] (II) modeset(0): Damage tracking initialized
[   397.783] (II) modeset(0): Setting screen physical size to 508 x 285
[   397.836] (II) config/udev: Adding input device Power Button (/dev/input/event1)
[   397.836] (**) Power Button: Applying InputClass "libinput keyboard catchall"
[   397.836] (II) LoadModule: "libinput"
[   397.836] (II) Loading /usr/lib/xorg/modules/input/libinput_drv.so
[   397.837] (II) Module libinput: vendor="X.Org Foundation"
[   397.837] 	compiled for 1.20.3, module version = 0.28.2
[   397.838] 	Module class: X.Org XInput Driver
[   397.838] 	ABI class: X.Org XInput driver, version 24.1
[   397.838] (II) Using input driver 'libinput' for 'Power Button'
[   397.838] (II) systemd-logind: got fd for /dev/input/event1 13:65 fd 17 paused 0
[   397.838] (**) Power Button: always reports core events
[   397.838] (**) Option "Device" "/dev/input/event1"
[   397.838] (**) Option "_source" "server/udev"
[   397.840] (II) event1  - Power Button: is tagged by udev as: Keyboard
[   397.840] (II) event1  - Power Button: device is a keyboard
[   397.840] (II) event1  - Power Button: device removed
[   397.840] (**) Option "config_info" "udev:/sys/devices/LNXSYSTM:00/LNXPWRBN:00/input/input1/event1"
[   397.840] (II) XINPUT: Adding extended input device "Power Button" (type: KEYBOARD, id 6)
[   397.840] (II) event1  - Power Button: is tagged by udev as: Keyboard
[   397.840] (II) event1  - Power Button: device is a keyboard
[   397.841] (II) config/udev: Adding input device Video Bus (/dev/input/event2)
[   397.841] (**) Video Bus: Applying InputClass "libinput keyboard catchall"
[   397.841] (II) Using input driver 'libinput' for 'Video Bus'
[   397.841] (II) systemd-logind: got fd for /dev/input/event2 13:66 fd 20 paused 0
[   397.841] (**) Video Bus: always reports core events
[   397.841] (**) Option "Device" "/dev/input/event2"
[   397.841] (**) Option "_source" "server/udev"
[   397.842] (II) event2  - Video Bus: is tagged by udev as: Keyboard
[   397.842] (II) event2  - Video Bus: device is a keyboard
[   397.842] (II) event2  - Video Bus: device removed
[   397.842] (**) Option "config_info" "udev:/sys/devices/LNXSYSTM:00/LNXSYBUS:00/PNP0A08:00/device:02/LNXVIDEO:00/input/input2/event2"
[   397.842] (II) XINPUT: Adding extended input device "Video Bus" (type: KEYBOARD, id 7)
[   397.843] (II) event2  - Video Bus: is tagged by udev as: Keyboard
[   397.843] (II) event2  - Video Bus: device is a keyboard
[   397.844] (II) config/udev: Adding input device Power Button (/dev/input/event0)
[   397.844] (**) Power Button: Applying InputClass "libinput keyboard catchall"
[   397.844] (II) Using input driver 'libinput' for 'Power Button'
[   397.844] (II) systemd-logind: got fd for /dev/input/event0 13:64 fd 21 paused 0
[   397.844] (**) Power Button: always reports core events
[   397.844] (**) Option "Device" "/dev/input/event0"
[   397.844] (**) Option "_source" "server/udev"
[   397.845] (II) event0  - Power Button: is tagged by udev as: Keyboard
[   397.845] (II) event0  - Power Button: device is a keyboard
[   397.845] (II) event0  - Power Button: device removed
[   397.845] (**) Option "config_info" "udev:/sys/devices/LNXSYSTM:00/LNXSYBUS:00/PNP0C0C:00/input/input0/event0"
[   397.845] (II) XINPUT: Adding extended input device "Power Button" (type: KEYBOARD, id 8)
[   397.846] (II) event0  - Power Button: is tagged by udev as: Keyboard
[   397.846] (II) event0  - Power Button: device is a keyboard
[   397.847] (II) config/udev: Adding input device Logitech M705 (/dev/input/event6)
[   397.847] (**) Logitech M705: Applying InputClass "libinput pointer catchall"
[   397.847] (II) Using input driver 'libinput' for 'Logitech M705'
[   397.848] (II) systemd-logind: got fd for /dev/input/event6 13:70 fd 22 paused 0
[   397.848] (**) Logitech M705: always reports core events
[   397.848] (**) Option "Device" "/dev/input/event6"
[   397.848] (**) Option "_source" "server/udev"
[   397.849] (II) event6  - Logitech M705: is tagged by udev as: Mouse
[   397.850] (II) event6  - Logitech M705: device set to 1000 DPI
[   397.850] (II) event6  - Logitech M705: device is a pointer
[   397.850] (II) event6  - Logitech M705: device removed
[   397.850] (**) Option "config_info" "udev:/sys/devices/pci0000:00/0000:00:01.2/0000:02:00.0/usb1/1-8/1-8.1/1-8.1:1.2/0003:046D:C52B.0003/0003:046D:101B.0005/input/input21/event6"
[   397.850] (II) XINPUT: Adding extended input device "Logitech M705" (type: MOUSE, id 9)
[   397.850] (**) Option "AccelerationScheme" "none"
[   397.850] (**) Logitech M705: (accel) selected scheme none/0
[   397.850] (**) Logitech M705: (accel) acceleration factor: 2.000
[   397.850] (**) Logitech M705: (accel) acceleration threshold: 4
[   397.852] (II) event6  - Logitech M705: is tagged by udev as: Mouse
[   397.852] (II) event6  - Logitech M705: device set to 1000 DPI
[   397.852] (II) event6  - Logitech M705: device is a pointer
[   397.852] (II) config/udev: Adding input device Logitech M705 (/dev/input/mouse1)
[   397.852] (II) No input driver specified, ignoring this device.
[   397.852] (II) This device may have been added with another device file.
[   397.853] (II) config/udev: Adding input device Logitech K800 (/dev/input/event3)
[   397.853] (**) Logitech K800: Applying InputClass "libinput keyboard catchall"
[   397.853] (II) Using input driver 'libinput' for 'Logitech K800'
[   397.854] (II) systemd-logind: got fd for /dev/input/event3 13:67 fd 23 paused 0
[   397.854] (**) Logitech K800: always reports core events
[   397.854] (**) Option "Device" "/dev/input/event3"
[   397.854] (**) Option "_source" "server/udev"
[   397.856] (II) event3  - Logitech K800: is tagged by udev as: Keyboard
[   397.856] (II) event3  - Logitech K800: device is a keyboard
[   397.856] (II) event3  - Logitech K800: device removed
[   397.856] (II) libinput: Logitech K800: needs a virtual subdevice
[   397.856] (**) Option "config_info" "udev:/sys/devices/pci0000:00/0000:00:01.2/0000:02:00.0/usb1/1-8/1-8.1/1-8.1:1.2/0003:046D:C52B.0003/0003:046D:2010.0006/input/input18/event3"
[   397.856] (II) XINPUT: Adding extended input device "Logitech K800" (type: MOUSE, id 10)
[   397.856] (**) Option "AccelerationScheme" "none"
[   397.856] (**) Logitech K800: (accel) selected scheme none/0
[   397.856] (**) Logitech K800: (accel) acceleration factor: 2.000
[   397.856] (**) Logitech K800: (accel) acceleration threshold: 4
[   397.858] (II) event3  - Logitech K800: is tagged by udev as: Keyboard
[   397.858] (II) event3  - Logitech K800: device is a keyboard
[   397.859] (II) config/udev: Adding input device Logitech K750 (/dev/input/event5)
[   397.859] (**) Logitech K750: Applying InputClass "libinput keyboard catchall"
[   397.859] (II) Using input driver 'libinput' for 'Logitech K750'
[   397.860] (II) systemd-logind: got fd for /dev/input/event5 13:69 fd 24 paused 0
[   397.860] (**) Logitech K750: always reports core events
[   397.860] (**) Option "Device" "/dev/input/event5"
[   397.860] (**) Option "_source" "server/udev"
[   397.862] (II) event5  - Logitech K750: is tagged by udev as: Keyboard
[   397.862] (II) event5  - Logitech K750: device is a keyboard
[   397.862] (II) event5  - Logitech K750: device removed
[   397.862] (II) libinput: Logitech K750: needs a virtual subdevice
[   397.862] (**) Option "config_info" "udev:/sys/devices/pci0000:00/0000:00:01.2/0000:02:00.0/usb1/1-8/1-8.1/1-8.1:1.2/0003:046D:C52B.0003/0003:046D:4002.0004/input/input20/event5"
[   397.862] (II) XINPUT: Adding extended input device "Logitech K750" (type: MOUSE, id 11)
[   397.862] (**) Option "AccelerationScheme" "none"
[   397.862] (**) Logitech K750: (accel) selected scheme none/0
[   397.862] (**) Logitech K750: (accel) acceleration factor: 2.000
[   397.862] (**) Logitech K750: (accel) acceleration threshold: 4
[   397.864] (II) event5  - Logitech K750: is tagged by udev as: Keyboard
[   397.864] (II) event5  - Logitech K750: device is a keyboard
[   397.865] (II) config/udev: Adding input device Logitech Unifying Device. Wireless PID:4055 (/dev/input/event4)
[   397.865] (**) Logitech Unifying Device. Wireless PID:4055: Applying InputClass "libinput pointer catchall"
[   397.865] (II) Using input driver 'libinput' for 'Logitech Unifying Device. Wireless PID:4055'
[   397.866] (II) systemd-logind: got fd for /dev/input/event4 13:68 fd 25 paused 0
[   397.866] (**) Logitech Unifying Device. Wireless PID:4055: always reports core events
[   397.866] (**) Option "Device" "/dev/input/event4"
[   397.866] (**) Option "_source" "server/udev"
[   397.868] (II) event4  - Logitech Unifying Device. Wireless PID:4055: is tagged by udev as: Mouse
[   397.868] (II) event4  - Logitech Unifying Device. Wireless PID:4055: device is a pointer
[   397.868] (II) event4  - Logitech Unifying Device. Wireless PID:4055: device removed
[   397.868] (**) Option "config_info" "udev:/sys/devices/pci0000:00/0000:00:01.2/0000:02:00.0/usb1/1-8/1-8.1/1-8.1:1.2/0003:046D:C52B.0003/0003:046D:4055.0007/input/input19/event4"
[   397.868] (II) XINPUT: Adding extended input device "Logitech Unifying Device. Wireless PID:4055" (type: MOUSE, id 12)
[   397.868] (**) Option "AccelerationScheme" "none"
[   397.868] (**) Logitech Unifying Device. Wireless PID:4055: (accel) selected scheme none/0
[   397.868] (**) Logitech Unifying Device. Wireless PID:4055: (accel) acceleration factor: 2.000
[   397.868] (**) Logitech Unifying Device. Wireless PID:4055: (accel) acceleration threshold: 4
[   397.870] (II) event4  - Logitech Unifying Device. Wireless PID:4055: is tagged by udev as: Mouse
[   397.870] (II) event4  - Logitech Unifying Device. Wireless PID:4055: device is a pointer
[   397.871] (II) config/udev: Adding input device Logitech Unifying Device. Wireless PID:4055 (/dev/input/mouse0)
[   397.871] (II) No input driver specified, ignoring this device.
[   397.871] (II) This device may have been added with another device file.
[   397.872] (II) config/udev: Adding input device HD-Audio Generic HDMI/DP,pcm=3 (/dev/input/event8)
[   397.872] (II) No input driver specified, ignoring this device.
[   397.872] (II) This device may have been added with another device file.
[   397.872] (II) config/udev: Adding input device HD-Audio Generic HDMI/DP,pcm=7 (/dev/input/event9)
[   397.872] (II) No input driver specified, ignoring this device.
[   397.872] (II) This device may have been added with another device file.
[   397.872] (II) config/udev: Adding input device HD-Audio Generic HDMI/DP,pcm=8 (/dev/input/event10)
[   397.872] (II) No input driver specified, ignoring this device.
[   397.872] (II) This device may have been added with another device file.
[   397.873] (II) config/udev: Adding input device HD-Audio Generic HDMI/DP,pcm=9 (/dev/input/event11)
[   397.873] (II) No input driver specified, ignoring this device.
[   397.873] (II) This device may have been added with another device file.
[   397.873] (II) config/udev: Adding input device HD-Audio Generic HDMI/DP,pcm=10 (/dev/input/event12)
[   397.873] (II) No input driver specified, ignoring this device.
[   397.873] (II) This device may have been added with another device file.
[   397.874] (II) config/udev: Adding input device HD-Audio Generic HDMI/DP,pcm=11 (/dev/input/event13)
[   397.874] (II) No input driver specified, ignoring this device.
[   397.874] (II) This device may have been added with another device file.
[   397.874] (II) config/udev: Adding input device HD-Audio Generic Front Mic (/dev/input/event14)
[   397.874] (II) No input driver specified, ignoring this device.
[   397.874] (II) This device may have been added with another device file.
[   397.874] (II) config/udev: Adding input device HD-Audio Generic Rear Mic (/dev/input/event15)
[   397.874] (II) No input driver specified, ignoring this device.
[   397.874] (II) This device may have been added with another device file.
[   397.875] (II) config/udev: Adding input device HD-Audio Generic Line (/dev/input/event16)
[   397.875] (II) No input driver specified, ignoring this device.
[   397.875] (II) This device may have been added with another device file.
[   397.875] (II) config/udev: Adding input device HD-Audio Generic Line Out Front (/dev/input/event17)
[   397.875] (II) No input driver specified, ignoring this device.
[   397.875] (II) This device may have been added with another device file.
[   397.875] (II) config/udev: Adding input device HD-Audio Generic Line Out Surround (/dev/input/event18)
[   397.875] (II) No input driver specified, ignoring this device.
[   397.875] (II) This device may have been added with another device file.
[   397.876] (II) config/udev: Adding input device HD-Audio Generic Line Out CLFE (/dev/input/event19)
[   397.876] (II) No input driver specified, ignoring this device.
[   397.876] (II) This device may have been added with another device file.
[   397.876] (II) config/udev: Adding input device HD-Audio Generic Line Out Side (/dev/input/event20)
[   397.876] (II) No input driver specified, ignoring this device.
[   397.876] (II) This device may have been added with another device file.
[   397.877] (II) config/udev: Adding input device HD-Audio Generic Front Headphone (/dev/input/event21)
[   397.877] (II) No input driver specified, ignoring this device.
[   397.877] (II) This device may have been added with another device file.
[   397.877] (II) config/udev: Adding input device PC Speaker (/dev/input/event7)
[   397.877] (II) No input driver specified, ignoring this device.
[   397.877] (II) This device may have been added with another device file.
[   397.881] (**) Logitech K800: Applying InputClass "libinput keyboard catchall"
[   397.881] (II) Using input driver 'libinput' for 'Logitech K800'
[   397.881] (II) systemd-logind: returning pre-existing fd for /dev/input/event3 13:67
[   397.881] (**) Logitech K800: always reports core events
[   397.881] (**) Option "Device" "/dev/input/event3"
[   397.881] (**) Option "_source" "_driver/libinput"
[   397.881] (II) libinput: Logitech K800: is a virtual subdevice
[   397.882] (**) Option "config_info" "udev:/sys/devices/pci0000:00/0000:00:01.2/0000:02:00.0/usb1/1-8/1-8.1/1-8.1:1.2/0003:046D:C52B.0003/0003:046D:2010.0006/input/input18/event3"
[   397.882] (II) XINPUT: Adding extended input device "Logitech K800" (type: KEYBOARD, id 13)
[   397.882] (**) Logitech K750: Applying InputClass "libinput keyboard catchall"
[   397.882] (II) Using input driver 'libinput' for 'Logitech K750'
[   397.882] (II) systemd-logind: returning pre-existing fd for /dev/input/event5 13:69
[   397.882] (**) Logitech K750: always reports core events
[   397.882] (**) Option "Device" "/dev/input/event5"
[   397.882] (**) Option "_source" "_driver/libinput"
[   397.882] (II) libinput: Logitech K750: is a virtual subdevice
[   397.882] (**) Option "config_info" "udev:/sys/devices/pci0000:00/0000:00:01.2/0000:02:00.0/usb1/1-8/1-8.1/1-8.1:1.2/0003:046D:C52B.0003/0003:046D:4002.0004/input/input20/event5"
[   397.882] (II) XINPUT: Adding extended input device "Logitech K750" (type: KEYBOARD, id 14)
[   397.956] (II) modeset(0): EDID vendor "ACI", prod id 9364
[   397.956] (II) modeset(0): Using EDID range info for horizontal sync
[   397.956] (II) modeset(0): Using EDID range info for vertical refresh
[   397.956] (II) modeset(0): Printing DDC gathered Modelines:
[   397.956] (II) modeset(0): Modeline "1920x1080"x0.0  148.50  1920 2008 2052 2200  1080 1084 1089 1125 +hsync +vsync (67.5 kHz eP)
[   397.956] (II) modeset(0): Modeline "1920x1080"x0.0  138.50  1920 1968 2000 2080  1080 1083 1088 1110 +hsync -vsync (66.6 kHz e)
[   397.956] (II) modeset(0): Modeline "1366x768"x0.0   85.50  1366 1436 1579 1792  768 771 774 798 +hsync +vsync (47.7 kHz e)
[   397.956] (II) modeset(0): Modeline "1280x720"x0.0   74.25  1280 1390 1430 1650  720 725 730 750 +hsync +vsync (45.0 kHz e)
[   397.956] (II) modeset(0): Modeline "720x480"x0.0   27.00  720 736 798 858  480 489 495 525 -hsync -vsync (31.5 kHz e)
[   397.956] (II) modeset(0): Modeline "1920x1080i"x0.0   74.25  1920 2008 2052 2200  1080 1084 1094 1125 interlace +hsync +vsync (33.8 kHz e)
[   397.956] (II) modeset(0): Modeline "640x480"x0.0   25.18  640 656 752 800  480 490 492 525 -hsync -vsync (31.5 kHz e)
[   397.956] (II) modeset(0): Modeline "720x576"x0.0   27.00  720 732 796 864  576 581 586 625 -hsync -vsync (31.2 kHz e)
[   397.956] (II) modeset(0): Modeline "1280x720"x0.0   74.25  1280 1720 1760 1980  720 725 730 750 +hsync +vsync (37.5 kHz e)
[   397.956] (II) modeset(0): Modeline "1920x1080i"x0.0   74.25  1920 2448 2492 2640  1080 1084 1094 1125 interlace +hsync +vsync (28.1 kHz e)
[   397.956] (II) modeset(0): Modeline "1920x1080"x0.0  148.50  1920 2448 2492 2640  1080 1084 1089 1125 +hsync +vsync (56.2 kHz e)
[   397.956] (II) modeset(0): Modeline "800x600"x0.0   40.00  800 840 968 1056  600 601 605 628 +hsync +vsync (37.9 kHz e)
[   397.956] (II) modeset(0): Modeline "800x600"x0.0   36.00  800 824 896 1024  600 601 603 625 +hsync +vsync (35.2 kHz e)
[   397.956] (II) modeset(0): Modeline "640x480"x0.0   31.50  640 656 720 840  480 481 484 500 -hsync -vsync (37.5 kHz e)
[   397.956] (II) modeset(0): Modeline "640x480"x0.0   31.50  640 664 704 832  480 489 492 520 -hsync -vsync (37.9 kHz e)
[   397.956] (II) modeset(0): Modeline "640x480"x0.0   30.24  640 704 768 864  480 483 486 525 -hsync -vsync (35.0 kHz e)
[   397.956] (II) modeset(0): Modeline "720x400"x0.0   28.32  720 738 846 900  400 412 414 449 -hsync +vsync (31.5 kHz e)
[   397.956] (II) modeset(0): Modeline "1280x1024"x0.0  135.00  1280 1296 1440 1688  1024 1025 1028 1066 +hsync +vsync (80.0 kHz e)
[   397.956] (II) modeset(0): Modeline "1024x768"x0.0   78.75  1024 1040 1136 1312  768 769 772 800 +hsync +vsync (60.0 kHz e)
[   397.956] (II) modeset(0): Modeline "1024x768"x0.0   75.00  1024 1048 1184 1328  768 771 777 806 -hsync -vsync (56.5 kHz e)
[   397.956] (II) modeset(0): Modeline "1024x768"x0.0   65.00  1024 1048 1184 1344  768 771 777 806 -hsync -vsync (48.4 kHz e)
[   397.956] (II) modeset(0): Modeline "832x624"x0.0   57.28  832 864 928 1152  624 625 628 667 -hsync -vsync (49.7 kHz e)
[   397.956] (II) modeset(0): Modeline "800x600"x0.0   49.50  800 816 896 1056  600 601 604 625 +hsync +vsync (46.9 kHz e)
[   397.956] (II) modeset(0): Modeline "800x600"x0.0   50.00  800 856 976 1040  600 637 643 666 +hsync +vsync (48.1 kHz e)
[   397.956] (II) modeset(0): Modeline "1152x864"x0.0  108.00  1152 1216 1344 1600  864 865 868 900 +hsync +vsync (67.5 kHz e)
[   397.956] (II) modeset(0): Modeline "1280x1024"x0.0  108.00  1280 1328 1440 1688  1024 1025 1028 1066 +hsync +vsync (64.0 kHz e)
[   397.956] (II) modeset(0): Modeline "1280x960"x0.0  108.00  1280 1376 1488 1800  960 961 964 1000 +hsync +vsync (60.0 kHz e)
[   397.956] (II) modeset(0): Modeline "1440x900"x0.0   88.75  1440 1488 1520 1600  900 903 909 926 +hsync -vsync (55.5 kHz e)
[   397.956] (II) modeset(0): Modeline "1600x1200"x0.0  162.00  1600 1664 1856 2160  1200 1201 1204 1250 +hsync +vsync (75.0 kHz e)
[   397.956] (II) modeset(0): Modeline "1680x1050"x0.0  119.00  1680 1728 1760 1840  1050 1053 1059 1080 +hsync -vsync (64.7 kHz e)
[   397.957] (II) modeset(0): EDID vendor "ACI", prod id 9364
[   397.957] (II) modeset(0): Using hsync ranges from config file
[   397.957] (II) modeset(0): Using vrefresh ranges from config file
[   397.957] (II) modeset(0): Printing DDC gathered Modelines:
[   397.957] (II) modeset(0): Modeline "1920x1080"x0.0  148.50  1920 2008 2052 2200  1080 1084 1089 1125 +hsync +vsync (67.5 kHz eP)
[   397.957] (II) modeset(0): Modeline "1920x1080"x0.0  138.50  1920 1968 2000 2080  1080 1083 1088 1110 +hsync -vsync (66.6 kHz e)
[   397.957] (II) modeset(0): Modeline "1366x768"x0.0   85.50  1366 1436 1579 1792  768 771 774 798 +hsync +vsync (47.7 kHz e)
[   397.957] (II) modeset(0): Modeline "1280x720"x0.0   74.25  1280 1390 1430 1650  720 725 730 750 +hsync +vsync (45.0 kHz e)
[   397.957] (II) modeset(0): Modeline "720x480"x0.0   27.00  720 736 798 858  480 489 495 525 -hsync -vsync (31.5 kHz e)
[   397.957] (II) modeset(0): Modeline "1920x1080i"x0.0   74.25  1920 2008 2052 2200  1080 1084 1094 1125 interlace +hsync +vsync (33.8 kHz e)
[   397.957] (II) modeset(0): Modeline "640x480"x0.0   25.18  640 656 752 800  480 490 492 525 -hsync -vsync (31.5 kHz e)
[   397.957] (II) modeset(0): Modeline "720x576"x0.0   27.00  720 732 796 864  576 581 586 625 -hsync -vsync (31.2 kHz e)
[   397.957] (II) modeset(0): Modeline "1280x720"x0.0   74.25  1280 1720 1760 1980  720 725 730 750 +hsync +vsync (37.5 kHz e)
[   397.957] (II) modeset(0): Modeline "1920x1080i"x0.0   74.25  1920 2448 2492 2640  1080 1084 1094 1125 interlace +hsync +vsync (28.1 kHz e)
[   397.957] (II) modeset(0): Modeline "1920x1080"x0.0  148.50  1920 2448 2492 2640  1080 1084 1089 1125 +hsync +vsync (56.2 kHz e)
[   397.957] (II) modeset(0): Modeline "800x600"x0.0   40.00  800 840 968 1056  600 601 605 628 +hsync +vsync (37.9 kHz e)
[   397.957] (II) modeset(0): Modeline "800x600"x0.0   36.00  800 824 896 1024  600 601 603 625 +hsync +vsync (35.2 kHz e)
[   397.957] (II) modeset(0): Modeline "640x480"x0.0   31.50  640 656 720 840  480 481 484 500 -hsync -vsync (37.5 kHz e)
[   397.957] (II) modeset(0): Modeline "640x480"x0.0   31.50  640 664 704 832  480 489 492 520 -hsync -vsync (37.9 kHz e)
[   397.957] (II) modeset(0): Modeline "640x480"x0.0   30.24  640 704 768 864  480 483 486 525 -hsync -vsync (35.0 kHz e)
[   397.957] (II) modeset(0): Modeline "720x400"x0.0   28.32  720 738 846 900  400 412 414 449 -hsync +vsync (31.5 kHz e)
[   397.957] (II) modeset(0): Modeline "1280x1024"x0.0  135.00  1280 1296 1440 1688  1024 1025 1028 1066 +hsync +vsync (80.0 kHz e)
[   397.957] (II) modeset(0): Modeline "1024x768"x0.0   78.75  1024 1040 1136 1312  768 769 772 800 +hsync +vsync (60.0 kHz e)
[   397.957] (II) modeset(0): Modeline "1024x768"x0.0   75.00  1024 1048 1184 1328  768 771 777 806 -hsync -vsync (56.5 kHz e)
[   397.957] (II) modeset(0): Modeline "1024x768"x0.0   65.00  1024 1048 1184 1344  768 771 777 806 -hsync -vsync (48.4 kHz e)
[   397.957] (II) modeset(0): Modeline "832x624"x0.0   57.28  832 864 928 1152  624 625 628 667 -hsync -vsync (49.7 kHz e)
[   397.957] (II) modeset(0): Modeline "800x600"x0.0   49.50  800 816 896 1056  600 601 604 625 +hsync +vsync (46.9 kHz e)
[   397.957] (II) modeset(0): Modeline "800x600"x0.0   50.00  800 856 976 1040  600 637 643 666 +hsync +vsync (48.1 kHz e)
[   397.957] (II) modeset(0): Modeline "1152x864"x0.0  108.00  1152 1216 1344 1600  864 865 868 900 +hsync +vsync (67.5 kHz e)
[   397.957] (II) modeset(0): Modeline "1280x1024"x0.0  108.00  1280 1328 1440 1688  1024 1025 1028 1066 +hsync +vsync (64.0 kHz e)
[   397.957] (II) modeset(0): Modeline "1280x960"x0.0  108.00  1280 1376 1488 1800  960 961 964 1000 +hsync +vsync (60.0 kHz e)
[   397.957] (II) modeset(0): Modeline "1440x900"x0.0   88.75  1440 1488 1520 1600  900 903 909 926 +hsync -vsync (55.5 kHz e)
[   397.957] (II) modeset(0): Modeline "1600x1200"x0.0  162.00  1600 1664 1856 2160  1200 1201 1204 1250 +hsync +vsync (75.0 kHz e)
[   397.957] (II) modeset(0): Modeline "1680x1050"x0.0  119.00  1680 1728 1760 1840  1050 1053 1059 1080 +hsync -vsync (64.7 kHz e)
[   398.017] (II) modeset(0): Disabling kernel dirty updates, not required.
[  1861.861] (**) Option "fd" "17"
[  1861.861] (II) event1  - Power Button: device removed
[  1861.861] (**) Option "fd" "20"
[  1861.861] (II) event2  - Video Bus: device removed
[  1861.861] (**) Option "fd" "21"
[  1861.861] (II) event0  - Power Button: device removed
[  1861.861] (**) Option "fd" "22"
[  1861.861] (II) event6  - Logitech M705: device removed
[  1861.862] (**) Option "fd" "23"
[  1861.862] (**) Option "fd" "24"
[  1861.862] (**) Option "fd" "25"
[  1861.862] (II) event4  - Logitech Unifying Device. Wireless PID:4055: device removed
[  1861.862] (**) Option "fd" "23"
[  1861.862] (II) event3  - Logitech K800: device removed
[  1861.862] (**) Option "fd" "24"
[  1861.862] (II) event5  - Logitech K750: device removed
[  1861.862] (II) UnloadModule: "libinput"
[  1861.862] (II) systemd-logind: not releasing fd for 13:69, still in use
[  1861.862] (II) UnloadModule: "libinput"
[  1861.862] (II) systemd-logind: not releasing fd for 13:67, still in use
[  1861.862] (II) UnloadModule: "libinput"
[  1861.862] (II) systemd-logind: releasing fd for 13:68
[  1861.920] (II) UnloadModule: "libinput"
[  1861.920] (II) systemd-logind: releasing fd for 13:69
[  1861.956] (II) UnloadModule: "libinput"
[  1861.956] (II) systemd-logind: releasing fd for 13:67
[  1861.983] (II) UnloadModule: "libinput"
[  1861.983] (II) systemd-logind: releasing fd for 13:70
[  1862.032] (II) UnloadModule: "libinput"
[  1862.032] (II) systemd-logind: releasing fd for 13:64
[  1862.063] (II) UnloadModule: "libinput"
[  1862.063] (II) systemd-logind: releasing fd for 13:66
[  1862.116] (II) UnloadModule: "libinput"
[  1862.116] (II) systemd-logind: releasing fd for 13:65
[  1862.156] (II) Server terminated successfully (0). Closing log file.
